I 1 6016.224462700
E 0 2 0 0.055367600 94726878696656 4
E 0 3 0 0.055377900 94726878696660 4
E 0 4 0 0.055380400 94726878696664 4
E 0 5 0 0.055383000 94726878696668 4
E 0 6 0 0.055385100 94726878696672 4
E 0 7 0 0.055387100 94726878696676 4
E 0 8 0 0.055389100 94726878696680 4
E 0 9 0 0.055390900 94726878696684 4
E 0 10 0 0.055392800 94726878696688 4
E 0 11 0 0.055394800 94726878696692 4
E 0 12 0 0.055396700 94726878696696 4
E 0 13 0 0.055399000 94726878696700 4
E 0 14 0 0.055401000 94726878696704 4
E 0 15 0 0.055403000 94726878696708 4
E 0 16 0 0.055404800 94726878696712 4
E 0 17 0 0.055406600 94726878696716 4
E 0 18 0 0.055408600 94726878696720 4
E 0 19 0 0.055410400 94726878696724 4
E 0 20 0 0.055412300 94726878696728 4
E 0 21 0 0.055414200 94726878696732 4
E 0 22 0 0.055416000 94726878696736 4
E 0 23 0 0.055417700 94726878696740 4
E 0 24 0 0.055419500 94726878696744 4
E 0 25 0 0.055421200 94726878696748 4
E 0 26 0 0.055423100 94726878696752 4
E 0 27 0 0.055425000 94726878696756 4
E 0 28 0 0.055426800 94726878696760 4
E 0 29 0 0.055428600 94726878696764 4
E 0 30 0 0.055430500 94726878696768 4
E 0 31 0 0.055432400 94726878696772 4
E 0 32 0 0.055434200 94726878696776 4
E 0 33 0 0.055436200 94726878696780 4
E 0 34 0 0.055438100 94726878696784 4
E 0 35 0 0.055440100 94726878696788 4
E 0 36 0 0.055441900 94726878696792 4
E 0 37 0 0.055443700 94726878696796 4
E 0 38 0 0.055445600 94726878696800 4
E 0 39 0 0.055447500 94726878696804 4
E 0 40 0 0.055449400 94726878696808 4
E 0 41 0 0.055451300 94726878696812 4
E 0 42 0 0.055453200 94726878696816 4
E 0 43 0 0.055455000 94726878696820 4
E 0 44 0 0.055456700 94726878696824 4
E 0 45 0 0.055458700 94726878696828 4
E 0 46 0 0.055460700 94726878696832 4
E 0 47 0 0.055462700 94726878696836 4
E 0 48 0 0.055464800 94726878696840 4
E 0 49 0 0.055466800 94726878696844 4
E 0 50 0 0.055468800 94726878696848 4
E 0 51 0 0.055470900 94726878696852 4
E 0 52 0 0.055473000 94726878696856 4
E 0 53 0 0.055475100 94726878696860 4
E 0 54 0 0.055477200 94726878696864 4
E 0 55 0 0.055479100 94726878696868 4
E 0 56 0 0.055481000 94726878696872 4
E 0 57 0 0.055483000 94726878696876 4
E 0 58 0 0.055485200 94726878696880 4
E 0 59 0 0.055487300 94726878696884 4
E 0 60 0 0.055489200 94726878696888 4
E 0 61 0 0.055491200 94726878696892 4
E 0 62 0 0.055493100 94726878696896 4
E 0 63 0 0.055495100 94726878696900 4
E 0 64 0 0.055497100 94726878696904 4
E 0 65 0 0.055499000 94726878696908 4
E 0 66 0 0.055501000 94726878696912 4
E 0 67 0 0.055502900 94726878696916 4
E 0 68 0 0.055504900 94726878696920 4
E 0 69 0 0.055506800 94726878696924 4
E 0 70 0 0.055508700 94726878696928 4
E 0 71 0 0.055510600 94726878696932 4
E 0 72 0 0.055512600 94726878696936 4
E 0 73 0 0.055514400 94726878696940 4
E 0 74 0 0.055516000 94726878696944 4
E 0 75 0 0.055518000 94726878696948 4
E 0 76 0 0.055519800 94726878696952 4
E 0 77 0 0.056119900 94726878696320 4
L 0 78 0 0.056128900 94726878696656 4
E 0 79 0 0.056131600 94726878696432 4
L 0 80 0 0.056133800 94726878696660 4
E 0 81 0 0.056135900 94726878696544 4
L 0 82 0 0.056137700 94726878696664 4
E 0 83 0 0.056139500 94726878696324 4
L 0 84 0 0.056141500 94726878696668 4
E 0 85 0 0.056143400 94726878696436 4
L 0 86 0 0.056145300 94726878696672 4
E 0 87 0 0.056170700 94726878696548 4
L 0 88 0 0.056173700 94726878696676 4
E 0 89 0 0.056175800 94726878696328 4
L 0 90 0 0.056177600 94726878696680 4
E 0 91 0 0.056179600 94726878696440 4
L 0 92 0 0.056181500 94726878696684 4
E 0 93 0 0.056183400 94726878696552 4
L 0 94 0 0.056185300 94726878696688 4
E 0 95 0 0.056187000 94726878696332 4
L 0 96 0 0.056188700 94726878696692 4
E 0 97 0 0.056190400 94726878696444 4
L 0 98 0 0.056192000 94726878696696 4
E 0 99 0 0.056193900 94726878696556 4
L 0 100 0 0.056195700 94726878696700 4
E 0 101 0 0.056198000 94726878696336 4
L 0 102 0 0.056200000 94726878696704 4
E 0 103 0 0.056202000 94726878696448 4
L 0 104 0 0.056204100 94726878696708 4
E 0 105 0 0.056206200 94726878696560 4
L 0 106 0 0.056208100 94726878696712 4
E 0 107 0 0.056214500 94726878696340 4
L 0 108 0 0.056216900 94726878696716 4
E 0 109 0 0.056219300 94726878696452 4
L 0 110 0 0.069346300 94726878696720 4
E 0 111 0 0.069353000 94726878696564 4
L 0 112 0 0.069355500 94726878696724 4
E 0 113 0 0.069358100 94726878696344 4
L 0 114 0 0.069360100 94726878696728 4
E 0 115 0 0.069362700 94726878696456 4
L 0 116 0 0.069364500 94726878696732 4
E 0 117 0 0.069366400 94726878696568 4
L 0 118 0 0.069368400 94726878696736 4
E 0 119 0 0.069370300 94726878696348 4
L 0 120 0 0.069372200 94726878696740 4
E 0 121 0 0.069374100 94726878696460 4
L 0 122 0 0.069376100 94726878696744 4
E 0 123 0 0.069378300 94726878696572 4
L 0 124 0 0.069380200 94726878696748 4
E 0 125 0 0.069382100 94726878696352 4
L 0 126 0 0.069383900 94726878696752 4
E 0 127 0 0.069385800 94726878696464 4
L 0 128 0 0.069387800 94726878696756 4
E 0 129 0 0.069389700 94726878696576 4
L 0 130 0 0.069391800 94726878696760 4
E 0 131 0 0.069393600 94726878696356 4
L 0 132 0 0.069395600 94726878696764 4
E 0 133 0 0.069397600 94726878696468 4
L 0 134 0 0.069399800 94726878696768 4
E 0 135 0 0.069401600 94726878696580 4
L 0 136 0 0.069403300 94726878696772 4
E 0 137 0 0.069405100 94726878696360 4
L 0 138 0 0.069406700 94726878696776 4
E 0 139 0 0.069408400 94726878696472 4
L 0 140 0 0.069410100 94726878696780 4
E 0 141 0 0.069411700 94726878696584 4
L 0 142 0 0.069414100 94726878696784 4
E 0 143 0 0.069416200 94726878696364 4
L 0 144 0 0.069418000 94726878696788 4
E 0 145 0 0.069419800 94726878696476 4
L 0 146 0 0.069421500 94726878696792 4
E 0 147 0 0.069423200 94726878696588 4
L 0 148 0 0.069425100 94726878696796 4
E 0 149 0 0.069427000 94726878696368 4
L 0 150 0 0.069428700 94726878696800 4
E 0 151 0 0.069430500 94726878696480 4
L 0 152 0 0.069432200 94726878696804 4
E 0 153 0 0.069433700 94726878696592 4
L 0 154 0 0.069435500 94726878696808 4
E 0 155 0 0.069437200 94726878696372 4
L 0 156 0 0.069438900 94726878696812 4
E 0 157 0 0.069440700 94726878696484 4
L 0 158 0 0.069442500 94726878696816 4
E 0 159 0 0.069444500 94726878696596 4
L 0 160 0 0.069446700 94726878696820 4
E 0 161 0 0.069448500 94726878696376 4
L 0 162 0 0.069450300 94726878696824 4
E 0 163 0 0.069451900 94726878696488 4
L 0 164 0 0.069453400 94726878696828 4
E 0 165 0 0.069455200 94726878696600 4
L 0 166 0 0.069456900 94726878696832 4
E 0 167 0 0.069458600 94726878696380 4
L 0 168 0 0.069460300 94726878696836 4
E 0 169 0 0.069462100 94726878696492 4
L 0 170 0 0.069464000 94726878696840 4
E 0 171 0 0.069465600 94726878696604 4
L 0 172 0 0.069467200 94726878696844 4
E 0 173 0 0.069468900 94726878696384 4
L 0 174 0 0.069470700 94726878696848 4
E 0 175 0 0.069472500 94726878696496 4
L 0 176 0 0.069474300 94726878696852 4
E 0 177 0 0.069476100 94726878696608 4
L 0 178 0 0.069477700 94726878696856 4
E 0 179 0 0.069480000 94726878696388 4
L 0 180 0 0.069481700 94726878696860 4
E 0 181 0 0.069483600 94726878696500 4
L 0 182 0 0.069487100 94726878696864 4
E 0 183 0 0.069491500 94726878696612 4
L 0 184 0 0.069495600 94726878696868 4
E 0 185 0 0.069499800 94726878696392 4
L 0 186 0 0.069504000 94726878696872 4
E 0 187 0 0.069508700 94726878696504 4
L 0 188 0 0.069513000 94726878696876 4
E 0 189 0 0.069515100 94726878696616 4
L 0 190 0 0.069517000 94726878696880 4
E 0 191 0 0.069518600 94726878696396 4
L 0 192 0 0.069520500 94726878696884 4
E 0 193 0 0.069522500 94726878696508 4
L 0 194 0 0.069524700 94726878696888 4
E 0 195 0 0.069526600 94726878696620 4
L 0 196 0 0.069528600 94726878696892 4
E 0 197 0 0.069530600 94726878696400 4
L 0 198 0 0.069532500 94726878696896 4
E 0 199 0 0.069534300 94726878696512 4
L 0 200 0 0.069536200 94726878696900 4
E 0 201 0 0.069538100 94726878696624 4
L 0 202 0 0.069540000 94726878696904 4
E 0 203 0 0.069541500 94726878696404 4
L 0 204 0 0.069543200 94726878696908 4
E 0 205 0 0.069544900 94726878696516 4
L 0 206 0 0.069546900 94726878696912 4
E 0 207 0 0.069548600 94726878696628 4
L 0 208 0 0.069550500 94726878696916 4
E 0 209 0 0.069552700 94726878696408 4
L 0 210 0 0.069554400 94726878696920 4
E 0 211 0 0.069556100 94726878696520 4
L 0 212 0 0.069557800 94726878696924 4
E 0 213 0 0.069559700 94726878696632 4
L 0 214 0 0.069561600 94726878696928 4
E 0 215 0 0.070853800 94726878696412 4
L 0 216 0 0.070857800 94726878696932 4
E 0 217 0 0.070860200 94726878696524 4
L 0 218 0 0.070862000 94726878696936 4
E 0 219 0 0.070864200 94726878696636 4
L 0 220 0 0.070866000 94726878696940 4
E 0 221 0 0.070867900 94726878696416 4
L 0 222 0 0.070872800 94726878696944 4
E 0 223 0 0.070875000 94726878696528 4
L 0 224 0 0.070877200 94726878696948 4
E 0 225 0 0.070879100 94726878696640 4
L 0 226 0 0.070880800 94726878696952 4
L 0 227 0 0.080374900 94726878696320 4
L 0 228 0 0.080384100 94726878696432 4
L 0 229 0 0.080386400 94726878696544 4
E 0 230 0 0.080388400 94726878696976 4
L 0 231 0 0.080390800 94726878696324 4
L 0 232 0 0.080392700 94726878696436 4
L 0 233 0 0.080394600 94726878696548 4
E 0 234 0 0.080396800 94726878696980 4
L 0 235 0 0.080398600 94726878696328 4
L 0 236 0 0.080400500 94726878696440 4
L 0 237 0 0.080402300 94726878696552 4
E 0 238 0 0.080404200 94726878696984 4
L 0 239 0 0.080406100 94726878696332 4
L 0 240 0 0.080407800 94726878696444 4
L 0 241 0 0.080409900 94726878696556 4
E 0 242 0 0.080411800 94726878696988 4
L 0 243 0 0.080413600 94726878696336 4
L 0 244 0 0.080415600 94726878696448 4
L 0 245 0 0.080417500 94726878696560 4
E 0 246 0 0.080419400 94726878696992 4
L 0 247 0 0.080421500 94726878696340 4
L 0 248 0 0.080423400 94726878696452 4
L 0 249 0 0.080425200 94726878696564 4
E 0 250 0 0.080427100 94726878696996 4
L 0 251 0 0.080429000 94726878696344 4
L 0 252 0 0.080430700 94726878696456 4
L 0 253 0 0.080432700 94726878696568 4
E 0 254 0 0.080434600 94726878697000 4
L 0 255 0 0.080436500 94726878696348 4
L 0 256 0 0.080438300 94726878696460 4
L 0 257 0 0.080440200 94726878696572 4
E 0 258 0 0.080442100 94726878697004 4
L 0 259 0 0.080443800 94726878696352 4
L 0 260 0 0.080445400 94726878696464 4
L 0 261 0 0.080447200 94726878696576 4
E 0 262 0 0.080449200 94726878697008 4
L 0 263 0 0.080451100 94726878696356 4
L 0 264 0 0.080453100 94726878696468 4
L 0 265 0 0.080455100 94726878696580 4
E 0 266 0 0.080457000 94726878697012 4
L 0 267 0 0.080458900 94726878696360 4
L 0 268 0 0.080460900 94726878696472 4
L 0 269 0 0.080462900 94726878696584 4
E 0 270 0 0.080464700 94726878697016 4
L 0 271 0 0.080466800 94726878696364 4
L 0 272 0 0.080468700 94726878696476 4
L 0 273 0 0.080470700 94726878696588 4
E 0 274 0 0.080472500 94726878697020 4
L 0 275 0 0.080474400 94726878696368 4
L 0 276 0 0.080476300 94726878696480 4
L 0 277 0 0.080478300 94726878696592 4
E 0 278 0 0.080480400 94726878697024 4
L 0 279 0 0.080482200 94726878696372 4
L 0 280 0 0.080484200 94726878696484 4
L 0 281 0 0.080486100 94726878696596 4
E 0 282 0 0.080488000 94726878697028 4
L 0 283 0 0.080490000 94726878696376 4
L 0 284 0 0.080492000 94726878696488 4
L 0 285 0 0.080494000 94726878696600 4
E 0 286 0 0.080495700 94726878697032 4
L 0 287 0 0.080497600 94726878696380 4
L 0 288 0 0.080499400 94726878696492 4
L 0 289 0 0.080501400 94726878696604 4
E 0 290 0 0.080503200 94726878697036 4
L 0 291 0 0.080505100 94726878696384 4
L 0 292 0 0.080507100 94726878696496 4
L 0 293 0 0.080508900 94726878696608 4
E 0 294 0 0.080510800 94726878697040 4
L 0 295 0 0.080512700 94726878696388 4
L 0 296 0 0.080514600 94726878696500 4
L 0 297 0 0.080516800 94726878696612 4
E 0 298 0 0.080518700 94726878697044 4
L 0 299 0 0.080520600 94726878696392 4
L 0 300 0 0.080522600 94726878696504 4
L 0 301 0 0.080524400 94726878696616 4
E 0 302 0 0.080526800 94726878697048 4
L 0 303 0 0.080528800 94726878696396 4
L 0 304 0 0.080530600 94726878696508 4
L 0 305 0 0.080532500 94726878696620 4
E 0 306 0 0.080534400 94726878697052 4
L 0 307 0 0.080536400 94726878696400 4
L 0 308 0 0.080538900 94726878696512 4
L 0 309 0 0.080541000 94726878696624 4
E 0 310 0 0.080542900 94726878697056 4
L 0 311 0 0.080544800 94726878696404 4
L 0 312 0 0.080546700 94726878696516 4
L 0 313 0 0.080548600 94726878696628 4
E 0 314 0 0.080550500 94726878697060 4
L 0 315 0 0.080552400 94726878696408 4
L 0 316 0 0.080554300 94726878696520 4
L 0 317 0 0.080556200 94726878696632 4
E 0 318 0 0.080558200 94726878697064 4
L 0 319 0 0.080560100 94726878696412 4
L 0 320 0 0.080914000 94726878696524 4
L 0 321 0 0.080920200 94726878696636 4
E 0 322 0 0.080922000 94726878697068 4
L 0 323 0 0.080923900 94726878696416 4
L 0 324 0 0.080925700 94726878696528 4
L 0 325 0 0.080927300 94726878696640 4
E 0 326 0 0.080929000 94726878697072 4
